<?xml version="1.0" encoding="UTF-8"?>
<!-- Generated by org.testng.reporters.JUnitXMLReporter -->
<testsuite ignored="0" hostname="MU00106234X" failures="1" tests="1" name="HomePageUITests" time="15.848" errors="0" timestamp="2025-07-25T11:19:41 AEST">
  <testcase classname="Test.HomePageUI" name="vrfyHomePageUI" time="6.515">
    <failure type="java.lang.AssertionError" message="Title doesn&amp;apos;t match! expected [true] but found [false]">
      <![CDATA[java.lang.AssertionError: Title doesn't match! expected [true] but found [false]
at Test.HomePageUI.vrfyHomePageUI(HomePageUI.java:26)
at java.base/java.util.ArrayList.forEach(ArrayList.java:1597)
... Removed 28 stack frames]]>
    </failure>
  </testcase> <!-- vrfyHomePageUI -->
</testsuite> <!-- HomePageUITests -->
